# JRE version: Java(TM) SE Runtime Environment (8.0_211-b12) (build 1.8.0_211-b12)
# Java VM: Java HotSpot(TM) 64-Bit Server VM (25.211-b12 mixed mode windows-amd64 compressed oops)
Heap:
 PSYoungGen      total 449536K, used 158259K [0x000000076b600000, 0x0000000788280000, 0x00000007c0000000)
  eden space 427520K, 37% used [0x000000076b600000,0x000000077508cf88,0x0000000785780000)
  from space 22016K, 0% used [0x0000000785780000,0x0000000785780000,0x0000000786d00000)
  to   space 19456K, 0% used [0x0000000786d80000,0x0000000786d80000,0x0000000788080000)
 ParOldGen       total 168448K, used 31507K [0x00000006c2200000, 0x00000006cc680000, 0x000000076b600000)
  object space 168448K, 18% used [0x00000006c2200000,0x00000006c40c4f80,0x00000006cc680000)
 Metaspace       used 61830K, capacity 64350K, committed 64660K, reserved 1105920K
  class space    used 7254K, capacity 7752K, committed 7868K, reserved 1048576K
GC Heap History (10 events):
Event: 24.179 GC heap before
{Heap before GC invocations=22 (full 2):
 PSYoungGen      total 385024K, used 384024K [0x000000076b600000, 0x0000000788080000, 0x00000007c0000000)
  eden space 367616K, 100% used [0x000000076b600000,0x0000000781d00000,0x0000000781d00000)
  from space 17408K, 94% used [0x0000000781d00000,0x0000000782d060e8,0x0000000782e00000)
  to   space 19456K, 0% used [0x0000000786d80000,0x0000000786d80000,0x0000000788080000)
 ParOldGen       total 168448K, used 16301K [0x00000006c2200000, 0x00000006cc680000, 0x000000076b600000)
  object space 168448K, 9% used [0x00000006c2200000,0x00000006c31eb710,0x00000006cc680000)
 Metaspace       used 49069K, capacity 51176K, committed 51288K, reserved 1095680K
  class space    used 5616K, capacity 6010K, committed 6016K, reserved 1048576K
Event: 24.190 GC heap after
Heap after GC invocations=22 (full 2):
 PSYoungGen      total 446976K, used 18627K [0x000000076b600000, 0x0000000788280000, 0x00000007c0000000)
  eden space 427520K, 0% used [0x000000076b600000,0x000000076b600000,0x0000000785780000)
  from space 19456K, 95% used [0x0000000786d80000,0x0000000787fb0e98,0x0000000788080000)
  to   space 22016K, 0% used [0x0000000785780000,0x0000000785780000,0x0000000786d00000)
 ParOldGen       total 168448K, used 16309K [0x00000006c2200000, 0x00000006cc680000, 0x000000076b600000)
  object space 168448K, 9% used [0x00000006c2200000,0x00000006c31ed710,0x00000006cc680000)
 Metaspace       used 49069K, capacity 51176K, committed 51288K, reserved 1095680K
  class space    used 5616K, capacity 6010K, committed 6016K, reserved 1048576K
}
Event: 26.687 GC heap before
{Heap before GC invocations=23 (full 2):
 PSYoungGen      total 446976K, used 446147K [0x000000076b600000, 0x0000000788280000, 0x00000007c0000000)
  eden space 427520K, 100% used [0x000000076b600000,0x0000000785780000,0x0000000785780000)
  from space 19456K, 95% used [0x0000000786d80000,0x0000000787fb0e98,0x0000000788080000)
  to   space 22016K, 0% used [0x0000000785780000,0x0000000785780000,0x0000000786d00000)
 ParOldGen       total 168448K, used 16309K [0x00000006c2200000, 0x00000006cc680000, 0x000000076b600000)
  object space 168448K, 9% used [0x00000006c2200000,0x00000006c31ed710,0x00000006cc680000)
 Metaspace       used 50451K, capacity 52664K, committed 52824K, reserved 1095680K
  class space    used 5766K, capacity 6170K, committed 6272K, reserved 1048576K
Event: 26.699 GC heap after
Heap after GC invocations=23 (full 2):
 PSYoungGen      total 449536K, used 16419K [0x000000076b600000, 0x0000000788280000, 0x00000007c0000000)
  eden space 427520K, 0% used [0x000000076b600000,0x000000076b600000,0x0000000785780000)
  from space 22016K, 74% used [0x0000000785780000,0x0000000786788f10,0x0000000786d00000)
  to   space 19456K, 0% used [0x0000000786d80000,0x0000000786d80000,0x0000000788080000)
 ParOldGen       total 168448K, used 16317K [0x00000006c2200000, 0x00000006cc680000, 0x000000076b600000)
  object space 168448K, 9% used [0x00000006c2200000,0x00000006c31ef710,0x00000006cc680000)
 Metaspace       used 50451K, capacity 52664K, committed 52824K, reserved 1095680K
  class space    used 5766K, capacity 6170K, committed 6272K, reserved 1048576K
}
Event: 29.322 GC heap before
{Heap before GC invocations=24 (full 2):
 PSYoungGen      total 449536K, used 443939K [0x000000076b600000, 0x0000000788280000, 0x00000007c0000000)
  eden space 427520K, 100% used [0x000000076b600000,0x0000000785780000,0x0000000785780000)
  from space 22016K, 74% used [0x0000000785780000,0x0000000786788f10,0x0000000786d00000)
  to   space 19456K, 0% used [0x0000000786d80000,0x0000000786d80000,0x0000000788080000)
 ParOldGen       total 168448K, used 16317K [0x00000006c2200000, 0x00000006cc680000, 0x000000076b600000)
  object space 168448K, 9% used [0x00000006c2200000,0x00000006c31ef710,0x00000006cc680000)
 Metaspace       used 55531K, capacity 57890K, committed 58072K, reserved 1099776K
  class space    used 6456K, capacity 6902K, committed 6912K, reserved 1048576K
Event: 29.342 GC heap after
Heap after GC invocations=24 (full 2):
 PSYoungGen      total 446976K, used 19432K [0x000000076b600000, 0x0000000788280000, 0x00000007c0000000)
  eden space 427520K, 0% used [0x000000076b600000,0x000000076b600000,0x0000000785780000)
  from space 19456K, 99% used [0x0000000786d80000,0x000000078807a090,0x0000000788080000)
  to   space 22016K, 0% used [0x0000000785780000,0x0000000785780000,0x0000000786d00000)
 ParOldGen       total 168448K, used 17885K [0x00000006c2200000, 0x00000006cc680000, 0x000000076b600000)
  object space 168448K, 10% used [0x00000006c2200000,0x00000006c3377750,0x00000006cc680000)
 Metaspace       used 55531K, capacity 57890K, committed 58072K, reserved 1099776K
  class space    used 6456K, capacity 6902K, committed 6912K, reserved 1048576K
}
Event: 29.990 GC heap before
{Heap before GC invocations=25 (full 2):
 PSYoungGen      total 446976K, used 120502K [0x000000076b600000, 0x0000000788280000, 0x00000007c0000000)
  eden space 427520K, 23% used [0x000000076b600000,0x00000007718b39e8,0x0000000785780000)
  from space 19456K, 99% used [0x0000000786d80000,0x000000078807a090,0x0000000788080000)
  to   space 22016K, 0% used [0x0000000785780000,0x0000000785780000,0x0000000786d00000)
 ParOldGen       total 168448K, used 17885K [0x00000006c2200000, 0x00000006cc680000, 0x000000076b600000)
  object space 168448K, 10% used [0x00000006c2200000,0x00000006c3377750,0x00000006cc680000)
 Metaspace       used 56569K, capacity 59010K, committed 59028K, reserved 1101824K
  class space    used 6606K, capacity 7084K, committed 7100K, reserved 1048576K
Event: 30.005 GC heap after
Heap after GC invocations=25 (full 2):
 PSYoungGen      total 449536K, used 21831K [0x000000076b600000, 0x0000000788280000, 0x00000007c0000000)
  eden space 427520K, 0% used [0x000000076b600000,0x000000076b600000,0x0000000785780000)
  from space 22016K, 99% used [0x0000000785780000,0x0000000786cd1f40,0x0000000786d00000)
  to   space 19456K, 0% used [0x0000000786d80000,0x0000000786d80000,0x0000000788080000)
 ParOldGen       total 168448K, used 17893K [0x00000006c2200000, 0x00000006cc680000, 0x000000076b600000)
  object space 168448K, 10% used [0x00000006c2200000,0x00000006c3379750,0x00000006cc680000)
 Metaspace       used 56569K, capacity 59010K, committed 59028K, reserved 1101824K
  class space    used 6606K, capacity 7084K, committed 7100K, reserved 1048576K
}
Event: 30.005 GC heap before
{Heap before GC invocations=26 (full 3):
 PSYoungGen      total 449536K, used 21831K [0x000000076b600000, 0x0000000788280000, 0x00000007c0000000)
  eden space 427520K, 0% used [0x000000076b600000,0x000000076b600000,0x0000000785780000)
  from space 22016K, 99% used [0x0000000785780000,0x0000000786cd1f40,0x0000000786d00000)
  to   space 19456K, 0% used [0x0000000786d80000,0x0000000786d80000,0x0000000788080000)
 ParOldGen       total 168448K, used 17893K [0x00000006c2200000, 0x00000006cc680000, 0x000000076b600000)
  object space 168448K, 10% used [0x00000006c2200000,0x00000006c3379750,0x00000006cc680000)
 Metaspace       used 56569K, capacity 59010K, committed 59028K, reserved 1101824K
  class space    used 6606K, capacity 7084K, committed 7100K, reserved 1048576K
Event: 30.171 GC heap after
Heap after GC invocations=26 (full 3):
 PSYoungGen      total 449536K, used 0K [0x000000076b600000, 0x0000000788280000, 0x00000007c0000000)
  eden space 427520K, 0% used [0x000000076b600000,0x000000076b600000,0x0000000785780000)
  from space 22016K, 0% used [0x0000000785780000,0x0000000785780000,0x0000000786d00000)
  to   space 19456K, 0% used [0x0000000786d80000,0x0000000786d80000,0x0000000788080000)
 ParOldGen       total 168448K, used 31507K [0x00000006c2200000, 0x00000006cc680000, 0x000000076b600000)
  object space 168448K, 18% used [0x00000006c2200000,0x00000006c40c4f80,0x00000006cc680000)
 Metaspace       used 56534K, capacity 58908K, committed 59028K, reserved 1101824K
  class space    used 6596K, capacity 7052K, committed 7100K, reserved 1048576K
}

