# JRE version: Java(TM) SE Runtime Environment (8.0_211-b12) (build 1.8.0_211-b12)
# Java VM: Java HotSpot(TM) 64-Bit Server VM (25.211-b12 mixed mode windows-amd64 compressed oops)
Heap:
 PSYoungGen      total 140800K, used 16923K [0x00000000f5580000, 0x00000000ffb00000, 0x0000000100000000)
  eden space 130048K, 13% used [0x00000000f5580000,0x00000000f6606ee8,0x00000000fd480000)
  from space 10752K, 0% used [0x00000000fd480000,0x00000000fd480000,0x00000000fdf00000)
  to   space 8192K, 0% used [0x00000000ff300000,0x00000000ff300000,0x00000000ffb00000)
 ParOldGen       total 82432K, used 5879K [0x00000000e0000000, 0x00000000e5080000, 0x00000000f5580000)
  object space 82432K, 7% used [0x00000000e0000000,0x00000000e05bdd20,0x00000000e5080000)
 Metaspace       used 20446K, capacity 21608K, committed 21888K, reserved 1067008K
  class space    used 3131K, capacity 3348K, committed 3456K, reserved 1048576K
GC Heap History (10 events):
Event: 6.188 GC heap before
{Heap before GC invocations=2 (full 0):
 PSYoungGen      total 75776K, used 71232K [0x00000000f5580000, 0x00000000faa00000, 0x0000000100000000)
  eden space 65024K, 100% used [0x00000000f5580000,0x00000000f9500000,0x00000000f9500000)
  from space 10752K, 57% used [0x00000000f9500000,0x00000000f9b10200,0x00000000f9f80000)
  to   space 10752K, 0% used [0x00000000f9f80000,0x00000000f9f80000,0x00000000faa00000)
 ParOldGen       total 173568K, used 24K [0x00000000e0000000, 0x00000000ea980000, 0x00000000f5580000)
  object space 173568K, 0% used [0x00000000e0000000,0x00000000e0006000,0x00000000ea980000)
 Metaspace       used 13873K, capacity 14880K, committed 14976K, reserved 1062912K
  class space    used 1944K, capacity 2170K, committed 2176K, reserved 1048576K
Event: 6.207 GC heap after
Heap after GC invocations=2 (full 0):
 PSYoungGen      total 75776K, used 6275K [0x00000000f5580000, 0x00000000faa00000, 0x0000000100000000)
  eden space 65024K, 0% used [0x00000000f5580000,0x00000000f5580000,0x00000000f9500000)
  from space 10752K, 58% used [0x00000000f9f80000,0x00000000fa5a0e00,0x00000000faa00000)
  to   space 10752K, 0% used [0x00000000f9500000,0x00000000f9500000,0x00000000f9f80000)
 ParOldGen       total 173568K, used 32K [0x00000000e0000000, 0x00000000ea980000, 0x00000000f5580000)
  object space 173568K, 0% used [0x00000000e0000000,0x00000000e0008000,0x00000000ea980000)
 Metaspace       used 13873K, capacity 14880K, committed 14976K, reserved 1062912K
  class space    used 1944K, capacity 2170K, committed 2176K, reserved 1048576K
}
Event: 7.239 GC heap before
{Heap before GC invocations=3 (full 0):
 PSYoungGen      total 75776K, used 71299K [0x00000000f5580000, 0x00000000faa00000, 0x0000000100000000)
  eden space 65024K, 100% used [0x00000000f5580000,0x00000000f9500000,0x00000000f9500000)
  from space 10752K, 58% used [0x00000000f9f80000,0x00000000fa5a0e00,0x00000000faa00000)
  to   space 10752K, 0% used [0x00000000f9500000,0x00000000f9500000,0x00000000f9f80000)
 ParOldGen       total 173568K, used 32K [0x00000000e0000000, 0x00000000ea980000, 0x00000000f5580000)
  object space 173568K, 0% used [0x00000000e0000000,0x00000000e0008000,0x00000000ea980000)
 Metaspace       used 16210K, capacity 17276K, committed 17536K, reserved 1064960K
  class space    used 2439K, capacity 2660K, committed 2688K, reserved 1048576K
Event: 7.270 GC heap after
Heap after GC invocations=3 (full 0):
 PSYoungGen      total 75776K, used 7006K [0x00000000f5580000, 0x00000000fe980000, 0x0000000100000000)
  eden space 65024K, 0% used [0x00000000f5580000,0x00000000f5580000,0x00000000f9500000)
  from space 10752K, 65% used [0x00000000f9500000,0x00000000f9bd7890,0x00000000f9f80000)
  to   space 10752K, 0% used [0x00000000fdf00000,0x00000000fdf00000,0x00000000fe980000)
 ParOldGen       total 173568K, used 40K [0x00000000e0000000, 0x00000000ea980000, 0x00000000f5580000)
  object space 173568K, 0% used [0x00000000e0000000,0x00000000e000a000,0x00000000ea980000)
 Metaspace       used 16210K, capacity 17276K, committed 17536K, reserved 1064960K
  class space    used 2439K, capacity 2660K, committed 2688K, reserved 1048576K
}
Event: 10.150 GC heap before
{Heap before GC invocations=4 (full 0):
 PSYoungGen      total 75776K, used 72030K [0x00000000f5580000, 0x00000000fe980000, 0x0000000100000000)
  eden space 65024K, 100% used [0x00000000f5580000,0x00000000f9500000,0x00000000f9500000)
  from space 10752K, 65% used [0x00000000f9500000,0x00000000f9bd7890,0x00000000f9f80000)
  to   space 10752K, 0% used [0x00000000fdf00000,0x00000000fdf00000,0x00000000fe980000)
 ParOldGen       total 173568K, used 40K [0x00000000e0000000, 0x00000000ea980000, 0x00000000f5580000)
  object space 173568K, 0% used [0x00000000e0000000,0x00000000e000a000,0x00000000ea980000)
 Metaspace       used 19532K, capacity 20744K, committed 20864K, reserved 1067008K
  class space    used 2972K, capacity 3188K, committed 3200K, reserved 1048576K
Event: 10.192 GC heap after
Heap after GC invocations=4 (full 0):
 PSYoungGen      total 140800K, used 7535K [0x00000000f5580000, 0x00000000fe980000, 0x0000000100000000)
  eden space 130048K, 0% used [0x00000000f5580000,0x00000000f5580000,0x00000000fd480000)
  from space 10752K, 70% used [0x00000000fdf00000,0x00000000fe65bc50,0x00000000fe980000)
  to   space 10752K, 0% used [0x00000000fd480000,0x00000000fd480000,0x00000000fdf00000)
 ParOldGen       total 173568K, used 48K [0x00000000e0000000, 0x00000000ea980000, 0x00000000f5580000)
  object space 173568K, 0% used [0x00000000e0000000,0x00000000e000c000,0x00000000ea980000)
 Metaspace       used 19532K, capacity 20744K, committed 20864K, reserved 1067008K
  class space    used 2972K, capacity 3188K, committed 3200K, reserved 1048576K
}
Event: 10.448 GC heap before
{Heap before GC invocations=5 (full 0):
 PSYoungGen      total 140800K, used 19623K [0x00000000f5580000, 0x00000000fe980000, 0x0000000100000000)
  eden space 130048K, 9% used [0x00000000f5580000,0x00000000f614e2a0,0x00000000fd480000)
  from space 10752K, 70% used [0x00000000fdf00000,0x00000000fe65bc50,0x00000000fe980000)
  to   space 10752K, 0% used [0x00000000fd480000,0x00000000fd480000,0x00000000fdf00000)
 ParOldGen       total 173568K, used 48K [0x00000000e0000000, 0x00000000ea980000, 0x00000000f5580000)
  object space 173568K, 0% used [0x00000000e0000000,0x00000000e000c000,0x00000000ea980000)
 Metaspace       used 19976K, capacity 21128K, committed 21248K, reserved 1067008K
  class space    used 3037K, capacity 3252K, committed 3328K, reserved 1048576K
Event: 10.520 GC heap after
Heap after GC invocations=5 (full 0):
 PSYoungGen      total 140800K, used 6092K [0x00000000f5580000, 0x00000000ffb00000, 0x0000000100000000)
  eden space 130048K, 0% used [0x00000000f5580000,0x00000000f5580000,0x00000000fd480000)
  from space 10752K, 56% used [0x00000000fd480000,0x00000000fda73298,0x00000000fdf00000)
  to   space 8192K, 0% used [0x00000000ff300000,0x00000000ff300000,0x00000000ffb00000)
 ParOldGen       total 173568K, used 56K [0x00000000e0000000, 0x00000000ea980000, 0x00000000f5580000)
  object space 173568K, 0% used [0x00000000e0000000,0x00000000e000e000,0x00000000ea980000)
 Metaspace       used 19976K, capacity 21128K, committed 21248K, reserved 1067008K
  class space    used 3037K, capacity 3252K, committed 3328K, reserved 1048576K
}
Event: 10.520 GC heap before
{Heap before GC invocations=6 (full 1):
 PSYoungGen      total 140800K, used 6092K [0x00000000f5580000, 0x00000000ffb00000, 0x0000000100000000)
  eden space 130048K, 0% used [0x00000000f5580000,0x00000000f5580000,0x00000000fd480000)
  from space 10752K, 56% used [0x00000000fd480000,0x00000000fda73298,0x00000000fdf00000)
  to   space 8192K, 0% used [0x00000000ff300000,0x00000000ff300000,0x00000000ffb00000)
 ParOldGen       total 173568K, used 56K [0x00000000e0000000, 0x00000000ea980000, 0x00000000f5580000)
  object space 173568K, 0% used [0x00000000e0000000,0x00000000e000e000,0x00000000ea980000)
 Metaspace       used 19976K, capacity 21128K, committed 21248K, reserved 1067008K
  class space    used 3037K, capacity 3252K, committed 3328K, reserved 1048576K
Event: 10.666 GC heap after
Heap after GC invocations=6 (full 1):
 PSYoungGen      total 140800K, used 0K [0x00000000f5580000, 0x00000000ffb00000, 0x0000000100000000)
  eden space 130048K, 0% used [0x00000000f5580000,0x00000000f5580000,0x00000000fd480000)
  from space 10752K, 0% used [0x00000000fd480000,0x00000000fd480000,0x00000000fdf00000)
  to   space 8192K, 0% used [0x00000000ff300000,0x00000000ff300000,0x00000000ffb00000)
 ParOldGen       total 82432K, used 5879K [0x00000000e0000000, 0x00000000e5080000, 0x00000000f5580000)
  object space 82432K, 7% used [0x00000000e0000000,0x00000000e05bdd20,0x00000000e5080000)
 Metaspace       used 19976K, capacity 21128K, committed 21248K, reserved 1067008K
  class space    used 3037K, capacity 3252K, committed 3328K, reserved 1048576K
}

